{
  "Unit Tests": {
    "coverage": {
    },
    "timestamp": 1332390493
  },
  "RSpec": {
    "coverage": {
      "/Users/lheimann/67-272-S12/project_2012/creamery_2012/app/models/assignment.rb": [
        1,
        null,
        1,
        null,
        null,
        1,
        1,
        null,
        null,
        1,
        99,
        42,
        1,
        1,
        null,
        null,
        1,
        1,
        1,
        5,
        5,
        5,
        3,
        null,
        null,
        1,
        null,
        1,
        89,
        89,
        88,
        null,
        1,
        null,
        null,
        null,
        null,
        1,
        586,
        111,
        17,
        null,
        null,
        null,
        1,
        273,
        111,
        17,
        null,
        null,
        null
      ],
      "/Users/lheimann/67-272-S12/project_2012/creamery_2012/app/models/employee.rb": [
        1,
        null,
        1,
        1,
        null,
        null,
        1,
        1,
        null,
        null,
        1,
        162,
        1,
        1,
        1,
        1,
        null,
        null,
        1,
        1,
        1,
        1,
        1,
        1,
        1,
        1,
        null,
        null,
        1,
        1,
        null,
        null,
        1,
        106,
        null,
        null,
        91,
        2,
        null,
        null,
        1,
        2,
        null,
        null,
        1,
        3,
        null,
        null,
        null,
        1,
        null,
        null,
        null,
        null,
        1,
        1,
        156,
        156,
        156,
        null,
        1,
        189,
        189,
        189,
        null,
        null
      ],
      "/Users/lheimann/67-272-S12/project_2012/creamery_2012/app/models/store.rb": [
        1,
        null,
        1,
        null,
        null,
        1,
        1,
        null,
        null,
        null,
        null,
        1,
        null,
        1,
        null,
        1,
        null,
        1,
        null,
        1,
        null,
        null,
        1,
        1,
        1,
        null,
        null,
        null,
        1,
        null,
        null,
        null,
        1,
        null,
        1,
        68,
        68,
        68,
        null,
        null,
        null
      ]
    },
    "timestamp": 1330811298
  }
}
